Info: Starting: Create block symbol file (.bsf)
Info: qsys-generate C:\altera\13.1\test\adc_controller.qsys --block-symbol-file --output-directory=C:\altera\13.1\test\adc_controller --family="Cyclone IV E" --part=EP4CE22F17C6
Progress: Loading test/adc_controller.qsys
Progress: Reading input file
Progress: Adding adc_mega_0 [altera_up_avalon_adc_mega 18.0]
Progress: Parameterizing module adc_mega_0
Progress: Building connections
Progress: Parameterizing connections
Progress: Validating
Progress: Done reading input file
Info: qsys-generate succeeded.
Info: Finished: Create block symbol file (.bsf)
Info: 
Info: Starting: Create HDL design files for synthesis
Info: qsys-generate C:\altera\13.1\test\adc_controller.qsys --synthesis=VERILOG --output-directory=C:\altera\13.1\test\adc_controller\synthesis --family="Cyclone IV E" --part=EP4CE22F17C6
Progress: Loading test/adc_controller.qsys
Progress: Reading input file
Progress: Adding adc_mega_0 [altera_up_avalon_adc_mega 18.0]
Progress: Parameterizing module adc_mega_0
Progress: Building connections
Progress: Parameterizing connections
Progress: Validating
Progress: Done reading input file
Info: adc_controller: Generating adc_controller "adc_controller" for QUARTUS_SYNTH
Info: adc_mega_0: Starting Generation of ADC Controller for DE-series Board
Info: adc_mega_0: C:/intelfpga_lite/22.1std/ip/altera/university_program/input_output/altera_up_avalon_adc/hdl/altera_up_avalon_adv_adc.v C:/Users/30698/AppData/Local/Temp/alt9543_7360095767611565921.dir/0002_sopcgen/adc_controller_adc_mega_0.v
Info: adc_mega_0: "adc_controller" instantiated altera_up_avalon_adc_mega "adc_mega_0"
Info: adc_controller: Done "adc_controller" with 2 modules, 3 files
Info: qsys-generate succeeded.
Info: Finished: Create HDL design files for synthesis
